<?xml version="1.0" encoding="UTF-8"?>
<testng-results ignored="0" total="1" passed="1" failed="0" skipped="0">
  <reporter-output>
  </reporter-output>
  <suite started-at="2023-04-08T23:44:29 IST" name="Default suite" finished-at="2023-04-08T23:45:12 IST" duration-ms="43921">
    <groups>
    </groups>
    <test started-at="2023-04-08T23:44:29 IST" name="Default test" finished-at="2023-04-08T23:45:12 IST" duration-ms="43921">
      <class name="com.practice.Test.LoginTest">
        <test-method is-config="true" signature="LunchBrowser()[pri:0, instance:com.practice.Test.LoginTest@7526515b]" started-at="2023-04-08T23:44:29 IST" name="LunchBrowser" finished-at="2023-04-08T23:44:58 IST" duration-ms="29842" status="PASS">
          <reporter-output>
          </reporter-output>
        </test-method> <!-- LunchBrowser -->
        <test-method signature="OpenFacebookPageAndClickCreateAccount()[pri:0, instance:com.practice.Test.LoginTest@7526515b]" started-at="2023-04-08T23:44:58 IST" name="OpenFacebookPageAndClickCreateAccount" finished-at="2023-04-08T23:45:08 IST" duration-ms="9755" status="PASS">
          <reporter-output>
          </reporter-output>
        </test-method> <!-- OpenFacebookPageAndClickCreateAccount -->
        <test-method is-config="true" signature="TearDown()[pri:0, instance:com.practice.Test.LoginTest@7526515b]" started-at="2023-04-08T23:45:08 IST" name="TearDown" finished-at="2023-04-08T23:45:12 IST" duration-ms="4197" status="PASS">
          <reporter-output>
          </reporter-output>
        </test-method> <!-- TearDown -->
      </class> <!-- com.practice.Test.LoginTest -->
    </test> <!-- Default test -->
  </suite> <!-- Default suite -->
</testng-results>
